<?xml version="1.0" encoding="UTF-8"?>
<!-- Generated by org.testng.reporters.JUnitXMLReporter -->
<testsuite ignored="0" hostname="Ashrafuls-MBP.frontierlocal.net" failures="0" tests="4" name="Test" time="3.776" errors="0" timestamp="2021-04-25T16:26:47 EDT">
  <testcase classname="integrateDataProWExcel.ProjectSpecificWrapper" name="@BeforeMethod login" time="3.09">
    <failure type="org.openqa.selenium.SessionNotCreatedException" message="session not created: This version of ChromeDriver only supports Chrome version 88
Current browser version is 90.0.4430.85 with binary path /Applications/Google Chrome.app/Contents/MacOS/Google Chrome
Build info: version: &amp;apos;3.141.59&amp;apos;, revision: &amp;apos;e82be7d358&amp;apos;, time: &amp;apos;2018-11-14T08:17:03&amp;apos;
System info: host: &amp;apos;Ashrafuls-MBP.frontierlocal.net&amp;apos;, ip: &amp;apos;fe80:0:0:0:10d2:46ac:56b2:ae0%en0&amp;apos;, os.name: &amp;apos;Mac OS X&amp;apos;, os.arch: &amp;apos;x86_64&amp;apos;, os.version: &amp;apos;10.16&amp;apos;, java.version: &amp;apos;15.0.1&amp;apos;
Driver info: driver.version: ChromeDriver
remote stacktrace: 0   chromedriver                        0x0000000100a94909 chromedriver + 2533641
1   chromedriver                        0x000000010111ed53 chromedriver + 9391443
2   chromedriver                        0x00000001008523c3 chromedriver + 164803
3   chromedriver                        0x0000000100876566 chromedriver + 312678
4   chromedriver                        0x0000000100872774 chromedriver + 296820
5   chromedriver                        0x000000010086f9a5 chromedriver + 285093
6   chromedriver                        0x00000001008a2834 chromedriver + 493620
7   chromedriver                        0x000000010089db43 chromedriver + 473923
8   chromedriver                        0x0000000100878616 chromedriver + 321046
9   chromedriver                        0x0000000100879587 chromedriver + 324999
10  chromedriver                        0x0000000100a637f9 chromedriver + 2332665
11  chromedriver                        0x0000000100a70963 chromedriver + 2386275
12  chromedriver                        0x0000000100a7045b chromedriver + 2384987
13  chromedriver                        0x0000000100a4a5b5 chromedriver + 2229685
14  chromedriver                        0x0000000100a713bf chromedriver + 2388927
15  chromedriver                        0x0000000100a58c79 chromedriver + 2288761
16  chromedriver                        0x0000000100a87f69 chromedriver + 2482025
17  chromedriver                        0x0000000100a9a103 chromedriver + 2556163
18  libsystem_pthread.dylib             0x00007fff205d1950 _pthread_start + 224
19  libsystem_pthread.dylib             0x00007fff205cd47b thread_start + 15
">
      <![CDATA[org.openqa.selenium.SessionNotCreatedException: session not created: This version of ChromeDriver only supports Chrome version 88
Current browser version is 90.0.4430.85 with binary path /Applications/Google Chrome.app/Contents/MacOS/Google Chrome
Build info: version: '3.141.59', revision: 'e82be7d358', time: '2018-11-14T08:17:03'
System info: host: 'Ashrafuls-MBP.frontierlocal.net', ip: 'fe80:0:0:0:10d2:46ac:56b2:ae0%en0', os.name: 'Mac OS X', os.arch: 'x86_64', os.version: '10.16', java.version: '15.0.1'
Driver info: driver.version: ChromeDriver
remote stacktrace: 0   chromedriver                        0x0000000100a94909 chromedriver + 2533641
1   chromedriver                        0x000000010111ed53 chromedriver + 9391443
2   chromedriver                        0x00000001008523c3 chromedriver + 164803
3   chromedriver                        0x0000000100876566 chromedriver + 312678
4   chromedriver                        0x0000000100872774 chromedriver + 296820
5   chromedriver                        0x000000010086f9a5 chromedriver + 285093
6   chromedriver                        0x00000001008a2834 chromedriver + 493620
7   chromedriver                        0x000000010089db43 chromedriver + 473923
8   chromedriver                        0x0000000100878616 chromedriver + 321046
9   chromedriver                        0x0000000100879587 chromedriver + 324999
10  chromedriver                        0x0000000100a637f9 chromedriver + 2332665
11  chromedriver                        0x0000000100a70963 chromedriver + 2386275
12  chromedriver                        0x0000000100a7045b chromedriver + 2384987
13  chromedriver                        0x0000000100a4a5b5 chromedriver + 2229685
14  chromedriver                        0x0000000100a713bf chromedriver + 2388927
15  chromedriver                        0x0000000100a58c79 chromedriver + 2288761
16  chromedriver                        0x0000000100a87f69 chromedriver + 2482025
17  chromedriver                        0x0000000100a9a103 chromedriver + 2556163
18  libsystem_pthread.dylib             0x00007fff205d1950 _pthread_start + 224
19  libsystem_pthread.dylib             0x00007fff205cd47b thread_start + 15

at org.openqa.selenium.remote.W3CHandshakeResponse.lambda$errorHandler$0(W3CHandshakeResponse.java:62)
at org.openqa.selenium.remote.HandshakeResponse.lambda$getResponseFunction$0(HandshakeResponse.java:30)
at org.openqa.selenium.remote.ProtocolHandshake.lambda$createSession$0(ProtocolHandshake.java:126)
at java.base/java.util.stream.ReferencePipeline$3$1.accept(ReferencePipeline.java:195)
at java.base/java.util.Spliterators$ArraySpliterator.tryAdvance(Spliterators.java:958)
at java.base/java.util.stream.ReferencePipeline.forEachWithCancel(ReferencePipeline.java:127)
at java.base/java.util.stream.AbstractPipeline.copyIntoWithCancel(AbstractPipeline.java:502)
at java.base/java.util.stream.AbstractPipeline.copyInto(AbstractPipeline.java:488)
at java.base/java.util.stream.AbstractPipeline.wrapAndCopyInto(AbstractPipeline.java:474)
at java.base/java.util.stream.FindOps$FindOp.evaluateSequential(FindOps.java:150)
at java.base/java.util.stream.AbstractPipeline.evaluate(AbstractPipeline.java:234)
at java.base/java.util.stream.ReferencePipeline.findFirst(ReferencePipeline.java:543)
at org.openqa.selenium.remote.ProtocolHandshake.createSession(ProtocolHandshake.java:128)
at org.openqa.selenium.remote.ProtocolHandshake.createSession(ProtocolHandshake.java:74)
at org.openqa.selenium.remote.HttpCommandExecutor.execute(HttpCommandExecutor.java:136)
at org.openqa.selenium.remote.service.DriverCommandExecutor.execute(DriverCommandExecutor.java:83)
at org.openqa.selenium.remote.RemoteWebDriver.execute(RemoteWebDriver.java:552)
at org.openqa.selenium.remote.RemoteWebDriver.startSession(RemoteWebDriver.java:213)
at org.openqa.selenium.remote.RemoteWebDriver.<init>(RemoteWebDriver.java:131)
at org.openqa.selenium.chrome.ChromeDriver.<init>(ChromeDriver.java:181)
at org.openqa.selenium.chrome.ChromeDriver.<init>(ChromeDriver.java:168)
at org.openqa.selenium.chrome.ChromeDriver.<init>(ChromeDriver.java:123)
at integrateDataProWExcel.ProjectSpecificWrapper.login(ProjectSpecificWrapper.java:24)
at java.base/java.util.ArrayList.forEach(ArrayList.java:1511)
... Removed 36 stack frames]]>
    </failure>
  </testcase> <!-- @BeforeMethod login -->
  <testcase classname="integrateDataProWExcel.ProjectSpecificWrapper" name="@AfterMethod closeBrowser" time="-1.619382407862E9">
    <skipped/>
  </testcase> <!-- @AfterMethod closeBrowser -->
  <testcase classname="integrateDataProWExcel.ProjectSpecificWrapper" name="@BeforeMethod login" time="-1.619382407863E9">
    <skipped/>
  </testcase> <!-- @BeforeMethod login -->
  <testcase classname="integrateDataProWExcel.ProjectSpecificWrapper" name="@AfterMethod closeBrowser" time="-1.61938240788E9">
    <skipped/>
  </testcase> <!-- @AfterMethod closeBrowser -->
  <testcase classname="integrateDataProWExcel.ProjectSpecificWrapper" name="@BeforeMethod login" time="-1.619382407888E9">
    <skipped/>
  </testcase> <!-- @BeforeMethod login -->
  <testcase classname="integrateDataProWExcel.ProjectSpecificWrapper" name="@AfterMethod closeBrowser" time="-1.619382407895E9">
    <skipped/>
  </testcase> <!-- @AfterMethod closeBrowser -->
  <testcase classname="integrateDataProWExcel.ProjectSpecificWrapper" name="@BeforeMethod login" time="-1.619382407896E9">
    <skipped/>
  </testcase> <!-- @BeforeMethod login -->
  <testcase classname="integrateDataProWExcel.ProjectSpecificWrapper" name="@AfterMethod closeBrowser" time="-1.619382407907E9">
    <skipped/>
  </testcase> <!-- @AfterMethod closeBrowser -->
  <testcase classname="integrateDataProWExcel.DataProvider_CreateLead" name="createLead" time="0.0">
    <skipped/>
  </testcase> <!-- createLead -->
  <testcase classname="integrateDataProWExcel.DataProvider_CreateLead" name="createLead" time="0.0">
    <skipped/>
  </testcase> <!-- createLead -->
  <testcase classname="integrateDataProWExcel.DataProvider_CreateLead" name="createLead" time="0.0">
    <skipped/>
  </testcase> <!-- createLead -->
  <testcase classname="integrateDataProWExcel.DataProvider_CreateLead" name="createLead" time="0.0">
    <skipped/>
  </testcase> <!-- createLead -->
</testsuite> <!-- Test -->
