<?xml version="1.0" encoding="UTF-8"?>
<!-- Generated by org.testng.reporters.JUnitReportReporter -->
<testsuite hostname="Ashrafuls-MBP.frontierlocal.net" failures="0" tests="2" name="testNGPro.CreateLead_TestCase_01" time="1.857" errors="1" timestamp="2021-04-25T16:27:13 EDT" skipped="1">
  <testcase classname="testNGPro.CreateLead_TestCase_01" name="createLead" time="0.000">
    <skipped/>
  </testcase> <!-- createLead -->
  <testcase classname="testNGPro.CreateLead_TestCase_01" name="login" time="1.857">
    <error message="session not created: This version of ChromeDriver only supports Chrome version 88
Current browser version is 90.0.4430.85 with binary path /Applications/Google Chrome.app/Contents/MacOS/Google Chrome
Build info: version: &#039;3.141.59&#039;, revision: &#039;e82be7d358&#039;, time: &#039;2018-11-14T08:17:03&#039;
System info: host: &#039;Ashrafuls-MBP.frontierlocal.net&#039;, ip: &#039;fe80:0:0:0:10d2:46ac:56b2:ae0%en0&#039;, os.name: &#039;Mac OS X&#039;, os.arch: &#039;x86_64&#039;, os.version: &#039;10.16&#039;, java.version: &#039;15.0.1&#039;
Driver info: driver.version: ChromeDriver
remote stacktrace: 0   chromedriver                        0x000000010579e909 chromedriver + 2533641
1   chromedriver                        0x0000000105e28d53 chromedriver + 9391443
2   chromedriver                        0x000000010555c3c3 chromedriver + 164803
3   chromedriver                        0x0000000105580566 chromedriver + 312678
4   chromedriver                        0x000000010557c774 chromedriver + 296820
5   chromedriver                        0x00000001055799a5 chromedriver + 285093
6   chromedriver                        0x00000001055ac834 chromedriver + 493620
7   chromedriver                        0x00000001055a7b43 chromedriver + 473923
8   chromedriver                        0x0000000105582616 chromedriver + 321046
9   chromedriver                        0x0000000105583587 chromedriver + 324999
10  chromedriver                        0x000000010576d7f9 chromedriver + 2332665
11  chromedriver                        0x000000010577a963 chromedriver + 2386275
12  chromedriver                        0x000000010577a45b chromedriver + 2384987
13  chromedriver                        0x00000001057545b5 chromedriver + 2229685
14  chromedriver                        0x000000010577b3bf chromedriver + 2388927
15  chromedriver                        0x0000000105762c79 chromedriver + 2288761
16  chromedriver                        0x0000000105791f69 chromedriver + 2482025
17  chromedriver                        0x00000001057a4103 chromedriver + 2556163
18  libsystem_pthread.dylib             0x00007fff205d1950 _pthread_start + 224
19  libsystem_pthread.dylib             0x00007fff205cd47b thread_start + 15
" type="org.openqa.selenium.SessionNotCreatedException">
      <![CDATA[org.openqa.selenium.SessionNotCreatedException: session not created: This version of ChromeDriver only supports Chrome version 88
Current browser version is 90.0.4430.85 with binary path /Applications/Google Chrome.app/Contents/MacOS/Google Chrome
Build info: version: '3.141.59', revision: 'e82be7d358', time: '2018-11-14T08:17:03'
System info: host: 'Ashrafuls-MBP.frontierlocal.net', ip: 'fe80:0:0:0:10d2:46ac:56b2:ae0%en0', os.name: 'Mac OS X', os.arch: 'x86_64', os.version: '10.16', java.version: '15.0.1'
Driver info: driver.version: ChromeDriver
remote stacktrace: 0   chromedriver                        0x000000010579e909 chromedriver + 2533641
1   chromedriver                        0x0000000105e28d53 chromedriver + 9391443
2   chromedriver                        0x000000010555c3c3 chromedriver + 164803
3   chromedriver                        0x0000000105580566 chromedriver + 312678
4   chromedriver                        0x000000010557c774 chromedriver + 296820
5   chromedriver                        0x00000001055799a5 chromedriver + 285093
6   chromedriver                        0x00000001055ac834 chromedriver + 493620
7   chromedriver                        0x00000001055a7b43 chromedriver + 473923
8   chromedriver                        0x0000000105582616 chromedriver + 321046
9   chromedriver                        0x0000000105583587 chromedriver + 324999
10  chromedriver                        0x000000010576d7f9 chromedriver + 2332665
11  chromedriver                        0x000000010577a963 chromedriver + 2386275
12  chromedriver                        0x000000010577a45b chromedriver + 2384987
13  chromedriver                        0x00000001057545b5 chromedriver + 2229685
14  chromedriver                        0x000000010577b3bf chromedriver + 2388927
15  chromedriver                        0x0000000105762c79 chromedriver + 2288761
16  chromedriver                        0x0000000105791f69 chromedriver + 2482025
17  chromedriver                        0x00000001057a4103 chromedriver + 2556163
18  libsystem_pthread.dylib             0x00007fff205d1950 _pthread_start + 224
19  libsystem_pthread.dylib             0x00007fff205cd47b thread_start + 15

at java.base/jdk.internal.reflect.NativeConstructorAccessorImpl.newInstance0(Native Method)
at java.base/jdk.internal.reflect.NativeConstructorAccessorImpl.newInstance(NativeConstructorAccessorImpl.java:64)
at java.base/jdk.internal.reflect.DelegatingConstructorAccessorImpl.newInstance(DelegatingConstructorAccessorImpl.java:45)
at java.base/java.lang.reflect.Constructor.newInstanceWithCaller(Constructor.java:500)
at java.base/java.lang.reflect.Constructor.newInstance(Constructor.java:481)
at org.openqa.selenium.remote.W3CHandshakeResponse.lambda$errorHandler$0(W3CHandshakeResponse.java:62)
at org.openqa.selenium.remote.HandshakeResponse.lambda$getResponseFunction$0(HandshakeResponse.java:30)
at org.openqa.selenium.remote.ProtocolHandshake.lambda$createSession$0(ProtocolHandshake.java:126)
at java.base/java.util.stream.ReferencePipeline$3$1.accept(ReferencePipeline.java:195)
at java.base/java.util.Spliterators$ArraySpliterator.tryAdvance(Spliterators.java:958)
at java.base/java.util.stream.ReferencePipeline.forEachWithCancel(ReferencePipeline.java:127)
at java.base/java.util.stream.AbstractPipeline.copyIntoWithCancel(AbstractPipeline.java:502)
at java.base/java.util.stream.AbstractPipeline.copyInto(AbstractPipeline.java:488)
at java.base/java.util.stream.AbstractPipeline.wrapAndCopyInto(AbstractPipeline.java:474)
at java.base/java.util.stream.FindOps$FindOp.evaluateSequential(FindOps.java:150)
at java.base/java.util.stream.AbstractPipeline.evaluate(AbstractPipeline.java:234)
at java.base/java.util.stream.ReferencePipeline.findFirst(ReferencePipeline.java:543)
at org.openqa.selenium.remote.ProtocolHandshake.createSession(ProtocolHandshake.java:128)
at org.openqa.selenium.remote.ProtocolHandshake.createSession(ProtocolHandshake.java:74)
at org.openqa.selenium.remote.HttpCommandExecutor.execute(HttpCommandExecutor.java:136)
at org.openqa.selenium.remote.service.DriverCommandExecutor.execute(DriverCommandExecutor.java:83)
at org.openqa.selenium.remote.RemoteWebDriver.execute(RemoteWebDriver.java:552)
at org.openqa.selenium.remote.RemoteWebDriver.startSession(RemoteWebDriver.java:213)
at org.openqa.selenium.remote.RemoteWebDriver.<init>(RemoteWebDriver.java:131)
at org.openqa.selenium.chrome.ChromeDriver.<init>(ChromeDriver.java:181)
at org.openqa.selenium.chrome.ChromeDriver.<init>(ChromeDriver.java:168)
at org.openqa.selenium.chrome.ChromeDriver.<init>(ChromeDriver.java:123)
at testNGPro.CreateLead_TestCase_01.login(CreateLead_TestCase_01.java:16)
at java.base/jdk.internal.reflect.NativeMethodAccessorImpl.invoke0(Native Method)
at java.base/jdk.internal.reflect.NativeMethodAccessorImpl.invoke(NativeMethodAccessorImpl.java:64)
at java.base/jdk.internal.reflect.DelegatingMethodAccessorImpl.invoke(DelegatingMethodAccessorImpl.java:43)
at java.base/java.lang.reflect.Method.invoke(Method.java:564)
at org.testng.internal.MethodInvocationHelper.invokeMethod(MethodInvocationHelper.java:133)
at org.testng.internal.MethodInvocationHelper.invokeMethodConsideringTimeout(MethodInvocationHelper.java:62)
at org.testng.internal.ConfigInvoker.invokeConfigurationMethod(ConfigInvoker.java:340)
at org.testng.internal.ConfigInvoker.invokeConfigurations(ConfigInvoker.java:294)
at org.testng.internal.TestInvoker.runConfigMethods(TestInvoker.java:683)
at org.testng.internal.TestInvoker.invokeMethod(TestInvoker.java:510)
at org.testng.internal.TestInvoker.invokeTestMethod(TestInvoker.java:172)
at org.testng.internal.MethodRunner.runInSequence(MethodRunner.java:46)
at org.testng.internal.TestInvoker$MethodInvocationAgent.invoke(TestInvoker.java:804)
at org.testng.internal.TestInvoker.invokeTestMethods(TestInvoker.java:145)
at org.testng.internal.TestMethodWorker.invokeTestMethods(TestMethodWorker.java:146)
at org.testng.internal.TestMethodWorker.run(TestMethodWorker.java:128)
at java.base/java.util.ArrayList.forEach(ArrayList.java:1511)
at org.testng.TestRunner.privateRun(TestRunner.java:770)
at org.testng.TestRunner.run(TestRunner.java:591)
at org.testng.SuiteRunner.runTest(SuiteRunner.java:402)
at org.testng.SuiteRunner.runSequentially(SuiteRunner.java:396)
at org.testng.SuiteRunner.privateRun(SuiteRunner.java:355)
at org.testng.SuiteRunner.run(SuiteRunner.java:304)
at org.testng.SuiteRunnerWorker.runSuite(SuiteRunnerWorker.java:53)
at org.testng.SuiteRunnerWorker.run(SuiteRunnerWorker.java:96)
at org.testng.TestNG.runSuitesSequentially(TestNG.java:1180)
at org.testng.TestNG.runSuitesLocally(TestNG.java:1102)
at org.testng.TestNG.runSuites(TestNG.java:1032)
at org.testng.TestNG.run(TestNG.java:1000)
at org.testng.remote.AbstractRemoteTestNG.run(AbstractRemoteTestNG.java:115)
at org.testng.remote.RemoteTestNG.initAndRun(RemoteTestNG.java:251)
at org.testng.remote.RemoteTestNG.main(RemoteTestNG.java:77)
]]>
    </error>
  </testcase> <!-- login -->
</testsuite> <!-- testNGPro.CreateLead_TestCase_01 -->
